0 info it worked if it ends with ok
1 verbose cli [ 'C:\\Program Files (x86)\\nodejs\\node.exe',
1 verbose cli   'C:\\Program Files (x86)\\nodejs\\node_modules\\npm\\bin\\npm-cli.js',
1 verbose cli   'run',
1 verbose cli   'build' ]
2 info using npm@2.15.5
3 info using node@v4.4.5
4 verbose config Skipping project config: C:\Users\mignots/.npmrc. (matches userconfig)
5 verbose stack Error: missing script: build
5 verbose stack     at run (C:\Program Files (x86)\nodejs\node_modules\npm\lib\run-script.js:142:19)
5 verbose stack     at C:\Program Files (x86)\nodejs\node_modules\npm\lib\run-script.js:58:5
5 verbose stack     at C:\Program Files (x86)\nodejs\node_modules\npm\node_modules\read-package-json\read-json.js:356:5
5 verbose stack     at checkBinReferences_ (C:\Program Files (x86)\nodejs\node_modules\npm\node_modules\read-package-json\read-json.js:320:45)
5 verbose stack     at final (C:\Program Files (x86)\nodejs\node_modules\npm\node_modules\read-package-json\read-json.js:354:3)
5 verbose stack     at then (C:\Program Files (x86)\nodejs\node_modules\npm\node_modules\read-package-json\read-json.js:124:5)
5 verbose stack     at ReadFileContext.<anonymous> (C:\Program Files (x86)\nodejs\node_modules\npm\node_modules\read-package-json\read-json.js:295:20)
5 verbose stack     at ReadFileContext.callback (C:\Program Files (x86)\nodejs\node_modules\npm\node_modules\graceful-fs\graceful-fs.js:78:16)
5 verbose stack     at FSReqWrap.readFileAfterOpen [as oncomplete] (fs.js:303:13)
6 verbose cwd C:\Users\mignots\Documents\ORGANISATION TAFF CGI\CGI - Site mère\js
7 error Windows_NT 6.1.7601
8 error argv "C:\\Program Files (x86)\\nodejs\\node.exe" "C:\\Program Files (x86)\\nodejs\\node_modules\\npm\\bin\\npm-cli.js" "run" "build"
9 error node v4.4.5
10 error npm  v2.15.5
11 error missing script: build
12 error If you need help, you may report this error at:
12 error     <https://github.com/npm/npm/issues>
13 verbose exit [ 1, true ]
